Vivado Simulator v2021.2
Copyright 1986-1999, 2001-2021 Xilinx, Inc. All Rights Reserved.
Running: C:/Xilinx/Vivado/2021.2/bin/unwrapped/win64.o/xelab.exe --incr --debug typical --relax --mt 2 -L xil_defaultlib -L secureip --snapshot snake_shell_tb_behav xil_defaultlib.snake_shell_tb -log elaborate.log 
Using 2 slave threads.
Starting static elaboration
Completed static elaboration
Starting simulation data flow analysis
Completed simulation data flow analysis
Time Resolution for simulation is 1ps
Compiling package std.standard
Compiling package std.textio
Compiling package ieee.std_logic_1164
Compiling package ieee.numeric_std
Compiling package ieee.math_real
Compiling package unisim.vcomponents
Compiling architecture behavioral of entity xil_defaultlib.vga_sync [vga_sync_default]
Compiling architecture behavioral of entity xil_defaultlib.pixel_generation [pixel_generation_default]
Compiling architecture behavioral of entity xil_defaultlib.snake_datapath [snake_datapath_default]
Compiling architecture behavioral of entity xil_defaultlib.dp_helper_fsm [dp_helper_fsm_default]
Compiling architecture behavioral of entity xil_defaultlib.randomizer_lfsr [randomizer_lfsr_default]
Compiling architecture behavioral of entity xil_defaultlib.direction_fsm [direction_fsm_default]
Compiling architecture behavioral of entity xil_defaultlib.button_interface [button_interface_default]
Compiling architecture behavioral of entity xil_defaultlib.game_state_fsm [game_state_fsm_default]
Compiling architecture testbench of entity xil_defaultlib.snake_shell_tb
Built simulation snapshot snake_shell_tb_behav
