
*** Running vivado
    with args -log snake_toplevel.vdi -applog -m64 -product Vivado -messageDb vivado.pb -mode batch -source snake_toplevel.tcl -notrace



****** Vivado v2021.2.1 (64-bit)
  **** SW Build 3414424 on Sun Dec 19 10:57:22 MST 2021
  **** IP Build 3405791 on Sun Dec 19 15:54:35 MST 2021
    ** Copyright 1986-2021 Xilinx, Inc. All Rights Reserved.

source snake_toplevel.tcl -notrace
Command: link_design -top snake_toplevel -part xc7a35tcpg236-1
Design is defaulting to srcset: sources_1
Design is defaulting to constrset: constrs_1
INFO: [Device 21-403] Loading part xc7a35tcpg236-1
Netlist sorting complete. Time (s): cpu = 00:00:00 ; elapsed = 00:00:00.001 . Memory (MB): peak = 1247.082 ; gain = 0.000
INFO: [Netlist 29-17] Analyzing 2 Unisim elements for replacement
INFO: [Netlist 29-28] Unisim Transformation completed in 0 CPU seconds
INFO: [Project 1-479] Netlist was created with Vivado 2021.2.1
INFO: [Project 1-570] Preparing netlist for logic optimization
Parsing XDC File [P:/25summer/engs031/Groups/GoldenGiraffe/Snake/Snake.srcs/constrs_1/new/constraints.xdc]
Finished Parsing XDC File [P:/25summer/engs031/Groups/GoldenGiraffe/Snake/Snake.srcs/constrs_1/new/constraints.xdc]
INFO: [Opt 31-138] Pushed 0 inverter(s) to 0 load pin(s).
Netlist sorting complete. Time (s): cpu = 00:00:00 ; elapsed = 00:00:00 . Memory (MB): peak = 1247.082 ; gain = 0.000
INFO: [Project 1-111] Unisim Transformation Summary:
No Unisim elements were transformed.

7 Infos, 0 Warnings, 0 Critical Warnings and 0 Errors encountered.
link_design completed successfully
Command: opt_design
Attempting to get a license for feature 'Implementation' and/or device 'xc7a35t'
INFO: [Common 17-349] Got license for feature 'Implementation' and/or device 'xc7a35t'
Running DRC as a precondition to command opt_design

Starting DRC Task
INFO: [DRC 23-27] Running DRC with 2 threads
INFO: [Project 1-461] DRC finished with 0 Errors
INFO: [Project 1-462] Please refer to the DRC report (report_drc) for more information.

Time (s): cpu = 00:00:01 ; elapsed = 00:00:00.480 . Memory (MB): peak = 1247.082 ; gain = 0.000

Starting Cache Timing Information Task
INFO: [Timing 38-35] Done setting XDC timing constraints.
Ending Cache Timing Information Task | Checksum: 1f959f32d

Time (s): cpu = 00:00:00 ; elapsed = 00:00:04 . Memory (MB): peak = 1432.375 ; gain = 185.293

Starting Logic Optimization Task

Phase 1 Retarget
INFO: [Opt 31-138] Pushed 0 inverter(s) to 0 load pin(s).
INFO: [Opt 31-49] Retargeted 0 cell(s).
Phase 1 Retarget | Checksum: 1f959f32d

Time (s): cpu = 00:00:00 ; elapsed = 00:00:00.009 . Memory (MB): peak = 1727.656 ; gain = 0.000
INFO: [Opt 31-389] Phase Retarget created 0 cells and removed 0 cells

Phase 2 Constant propagation
INFO: [Opt 31-138] Pushed 0 inverter(s) to 0 load pin(s).
Phase 2 Constant propagation | Checksum: 26f7ee46e

Time (s): cpu = 00:00:00 ; elapsed = 00:00:00.014 . Memory (MB): peak = 1727.656 ; gain = 0.000
INFO: [Opt 31-389] Phase Constant propagation created 0 cells and removed 0 cells

Phase 3 Sweep
Phase 3 Sweep | Checksum: 1f912b6d6

Time (s): cpu = 00:00:00 ; elapsed = 00:00:00.019 . Memory (MB): peak = 1727.656 ; gain = 0.000
INFO: [Opt 31-389] Phase Sweep created 9 cells and removed 0 cells

Phase 4 BUFG optimization
Phase 4 BUFG optimization | Checksum: 1f912b6d6

Time (s): cpu = 00:00:00 ; elapsed = 00:00:00.023 . Memory (MB): peak = 1727.656 ; gain = 0.000
INFO: [Opt 31-662] Phase BUFG optimization created 0 cells of which 0 are BUFGs and removed 0 cells.

Phase 5 Shift Register Optimization
INFO: [Opt 31-1064] SRL Remap converted 0 SRLs to 0 registers and converted 0 registers of register chains to 0 SRLs
Phase 5 Shift Register Optimization | Checksum: 1f912b6d6

Time (s): cpu = 00:00:00 ; elapsed = 00:00:00.028 . Memory (MB): peak = 1727.656 ; gain = 0.000
INFO: [Opt 31-389] Phase Shift Register Optimization created 0 cells and removed 0 cells

Phase 6 Post Processing Netlist
Phase 6 Post Processing Netlist | Checksum: 1f912b6d6

Time (s): cpu = 00:00:00 ; elapsed = 00:00:00.031 . Memory (MB): peak = 1727.656 ; gain = 0.000
INFO: [Opt 31-389] Phase Post Processing Netlist created 0 cells and removed 0 cells
Opt_design Change Summary
=========================


-------------------------------------------------------------------------------------------------------------------------
|  Phase                        |  #Cells created  |  #Cells Removed  |  #Constrained objects preventing optimizations  |
-------------------------------------------------------------------------------------------------------------------------
|  Retarget                     |               0  |               0  |                                              0  |
|  Constant propagation         |               0  |               0  |                                              0  |
|  Sweep                        |               9  |               0  |                                              0  |
|  BUFG optimization            |               0  |               0  |                                              0  |
|  Shift Register Optimization  |               0  |               0  |                                              0  |
|  Post Processing Netlist      |               0  |               0  |                                              0  |
-------------------------------------------------------------------------------------------------------------------------



Starting Connectivity Check Task

Time (s): cpu = 00:00:00 ; elapsed = 00:00:00.001 . Memory (MB): peak = 1727.656 ; gain = 0.000
Ending Logic Optimization Task | Checksum: 19cb5d05f

Time (s): cpu = 00:00:00 ; elapsed = 00:00:00.045 . Memory (MB): peak = 1727.656 ; gain = 0.000

Starting Power Optimization Task
INFO: [Pwropt 34-132] Skipping clock gating for clocks with a period < 2.00 ns.
Ending Power Optimization Task | Checksum: 19cb5d05f

Time (s): cpu = 00:00:00 ; elapsed = 00:00:00.006 . Memory (MB): peak = 1727.656 ; gain = 0.000

Starting Final Cleanup Task
Ending Final Cleanup Task | Checksum: 19cb5d05f

Time (s): cpu = 00:00:00 ; elapsed = 00:00:00.001 . Memory (MB): peak = 1727.656 ; gain = 0.000

Starting Netlist Obfuscation Task
Netlist sorting complete. Time (s): cpu = 00:00:00 ; elapsed = 00:00:00 . Memory (MB): peak = 1727.656 ; gain = 0.000
Ending Netlist Obfuscation Task | Checksum: 19cb5d05f

Time (s): cpu = 00:00:00 ; elapsed = 00:00:00.001 . Memory (MB): peak = 1727.656 ; gain = 0.000
INFO: [Common 17-83] Releasing license: Implementation
24 Infos, 0 Warnings, 0 Critical Warnings and 0 Errors encountered.
opt_design completed successfully
opt_design: Time (s): cpu = 00:00:01 ; elapsed = 00:00:06 . Memory (MB): peak = 1727.656 ; gain = 480.574
INFO: [Timing 38-480] Writing timing data to binary archive.
Writing placer database...
Writing XDEF routing.
Writing XDEF routing logical nets.
Writing XDEF routing special nets.
Write XDEF Complete: Time (s): cpu = 00:00:00 ; elapsed = 00:00:00.126 . Memory (MB): peak = 1727.656 ; gain = 0.000
INFO: [Common 17-1381] The checkpoint 'P:/25summer/engs031/Groups/GoldenGiraffe/Snake/Snake.runs/impl_1/snake_toplevel_opt.dcp' has been generated.
INFO: [runtcl-4] Executing : report_drc -file snake_toplevel_drc_opted.rpt -pb snake_toplevel_drc_opted.pb -rpx snake_toplevel_drc_opted.rpx
Command: report_drc -file snake_toplevel_drc_opted.rpt -pb snake_toplevel_drc_opted.pb -rpx snake_toplevel_drc_opted.rpx
INFO: [IP_Flow 19-234] Refreshing IP repositories
INFO: [IP_Flow 19-1704] No user IP repositories specified
INFO: [IP_Flow 19-2313] Loaded Vivado IP repository 'C:/Xilinx/Vivado/2021.2/data/ip'.
INFO: [Timing 38-35] Done setting XDC timing constraints.
INFO: [DRC 23-27] Running DRC with 2 threads
INFO: [Vivado_Tcl 2-168] The results of DRC are in file P:/25summer/engs031/Groups/GoldenGiraffe/Snake/Snake.runs/impl_1/snake_toplevel_drc_opted.rpt.
report_drc completed successfully
Command: place_design
Attempting to get a license for feature 'Implementation' and/or device 'xc7a35t'
INFO: [Common 17-349] Got license for feature 'Implementation' and/or device 'xc7a35t'
INFO: [DRC 23-27] Running DRC with 2 threads
INFO: [Vivado_Tcl 4-198] DRC finished with 0 Errors
INFO: [Vivado_Tcl 4-199] Please refer to the DRC report (report_drc) for more information.
Running DRC as a precondition to command place_design
INFO: [DRC 23-27] Running DRC with 2 threads
INFO: [Vivado_Tcl 4-198] DRC finished with 0 Errors
INFO: [Vivado_Tcl 4-199] Please refer to the DRC report (report_drc) for more information.

Starting Placer Task
INFO: [Place 30-611] Multithreading enabled for place_design using a maximum of 2 CPUs

Phase 1 Placer Initialization

Phase 1.1 Placer Initialization Netlist Sorting
Netlist sorting complete. Time (s): cpu = 00:00:00 ; elapsed = 00:00:00 . Memory (MB): peak = 1772.891 ; gain = 0.000
Phase 1.1 Placer Initialization Netlist Sorting | Checksum: 16fdd4bff

Time (s): cpu = 00:00:00 ; elapsed = 00:00:00.008 . Memory (MB): peak = 1772.891 ; gain = 0.000
Netlist sorting complete. Time (s): cpu = 00:00:00 ; elapsed = 00:00:00 . Memory (MB): peak = 1772.891 ; gain = 0.000

Phase 1.2 IO Placement/ Clock Placement/ Build Placer Device
Phase 1.2 IO Placement/ Clock Placement/ Build Placer Device | Checksum: 1a17f7625

Time (s): cpu = 00:00:00 ; elapsed = 00:00:00.109 . Memory (MB): peak = 1772.891 ; gain = 0.000

Phase 1.3 Build Placer Netlist Model
Phase 1.3 Build Placer Netlist Model | Checksum: 1d35f1b44

Time (s): cpu = 00:00:00 ; elapsed = 00:00:00.145 . Memory (MB): peak = 1772.891 ; gain = 0.000

Phase 1.4 Constrain Clocks/Macros
Phase 1.4 Constrain Clocks/Macros | Checksum: 1d35f1b44

Time (s): cpu = 00:00:00 ; elapsed = 00:00:00.149 . Memory (MB): peak = 1772.891 ; gain = 0.000
Phase 1 Placer Initialization | Checksum: 1d35f1b44

Time (s): cpu = 00:00:00 ; elapsed = 00:00:00.152 . Memory (MB): peak = 1772.891 ; gain = 0.000

Phase 2 Global Placement

Phase 2.1 Floorplanning
Phase 2.1 Floorplanning | Checksum: 26a190b5e

Time (s): cpu = 00:00:00 ; elapsed = 00:00:00.186 . Memory (MB): peak = 1772.891 ; gain = 0.000

Phase 2.2 Update Timing before SLR Path Opt
Phase 2.2 Update Timing before SLR Path Opt | Checksum: 1fe17fe01

Time (s): cpu = 00:00:00 ; elapsed = 00:00:00.207 . Memory (MB): peak = 1772.891 ; gain = 0.000

Phase 2.3 Post-Processing in Floorplanning
Phase 2.3 Post-Processing in Floorplanning | Checksum: 1fe17fe01

Time (s): cpu = 00:00:00 ; elapsed = 00:00:00.210 . Memory (MB): peak = 1772.891 ; gain = 0.000

Phase 2.4 Global Placement Core

Phase 2.4.1 Physical Synthesis In Placer
INFO: [Physopt 32-1035] Found 0 LUTNM shape to break, 2 LUT instances to create LUTNM shape
INFO: [Physopt 32-1044] Break lutnm for timing: one critical 0, two critical 0, total 0, new lutff created 0
INFO: [Physopt 32-1138] End 1 Pass. Optimized 1 net or LUT. Breaked 0 LUT, combined 1 existing LUT and moved 0 existing LUT
INFO: [Physopt 32-65] No nets found for high-fanout optimization.
INFO: [Physopt 32-232] Optimized 0 net. Created 0 new instance.
INFO: [Physopt 32-775] End 1 Pass. Optimized 0 net or cell. Created 0 new cell, deleted 0 existing cell and moved 0 existing cell
INFO: [Physopt 32-670] No setup violation found.  DSP Register Optimization was not performed.
INFO: [Physopt 32-670] No setup violation found.  Shift Register to Pipeline Optimization was not performed.
INFO: [Physopt 32-670] No setup violation found.  Shift Register Optimization was not performed.
INFO: [Physopt 32-670] No setup violation found.  BRAM Register Optimization was not performed.
INFO: [Physopt 32-670] No setup violation found.  URAM Register Optimization was not performed.
INFO: [Physopt 32-949] No candidate nets found for dynamic/static region interface net replication
INFO: [Physopt 32-775] End 1 Pass. Optimized 0 net or cell. Created 0 new cell, deleted 0 existing cell and moved 0 existing cell
Netlist sorting complete. Time (s): cpu = 00:00:00 ; elapsed = 00:00:00 . Memory (MB): peak = 1772.891 ; gain = 0.000

Summary of Physical Synthesis Optimizations
============================================


-----------------------------------------------------------------------------------------------------------------------------------------------------------
|  Optimization                                     |  Added Cells  |  Removed Cells  |  Optimized Cells/Nets  |  Dont Touch  |  Iterations  |  Elapsed   |
-----------------------------------------------------------------------------------------------------------------------------------------------------------
|  LUT Combining                                    |            0  |              1  |                     1  |           0  |           1  |  00:00:00  |
|  Retime                                           |            0  |              0  |                     0  |           0  |           1  |  00:00:00  |
|  Very High Fanout                                 |            0  |              0  |                     0  |           0  |           1  |  00:00:00  |
|  DSP Register                                     |            0  |              0  |                     0  |           0  |           0  |  00:00:00  |
|  Shift Register to Pipeline                       |            0  |              0  |                     0  |           0  |           0  |  00:00:00  |
|  Shift Register                                   |            0  |              0  |                     0  |           0  |           0  |  00:00:00  |
|  BRAM Register                                    |            0  |              0  |                     0  |           0  |           0  |  00:00:00  |
|  URAM Register                                    |            0  |              0  |                     0  |           0  |           0  |  00:00:00  |
|  Dynamic/Static Region Interface Net Replication  |            0  |              0  |                     0  |           0  |           1  |  00:00:00  |
|  Total                                            |            0  |              1  |                     1  |           0  |           4  |  00:00:00  |
-----------------------------------------------------------------------------------------------------------------------------------------------------------


Phase 2.4.1 Physical Synthesis In Placer | Checksum: 2bc37befc

Time (s): cpu = 00:00:00 ; elapsed = 00:00:00.586 . Memory (MB): peak = 1772.891 ; gain = 0.000
Phase 2.4 Global Placement Core | Checksum: 1f9aeeed3

Time (s): cpu = 00:00:00 ; elapsed = 00:00:00.599 . Memory (MB): peak = 1772.891 ; gain = 0.000
Phase 2 Global Placement | Checksum: 1f9aeeed3

Time (s): cpu = 00:00:00 ; elapsed = 00:00:00.602 . Memory (MB): peak = 1772.891 ; gain = 0.000

Phase 3 Detail Placement

Phase 3.1 Commit Multi Column Macros
Phase 3.1 Commit Multi Column Macros | Checksum: 2cb05c186

Time (s): cpu = 00:00:00 ; elapsed = 00:00:00.624 . Memory (MB): peak = 1772.891 ; gain = 0.000

Phase 3.2 Commit Most Macros & LUTRAMs
Phase 3.2 Commit Most Macros & LUTRAMs | Checksum: 1ca3259f3

Time (s): cpu = 00:00:00 ; elapsed = 00:00:00.658 . Memory (MB): peak = 1772.891 ; gain = 0.000

Phase 3.3 Area Swap Optimization
Phase 3.3 Area Swap Optimization | Checksum: 1b3eb9f5d

Time (s): cpu = 00:00:00 ; elapsed = 00:00:00.663 . Memory (MB): peak = 1772.891 ; gain = 0.000

Phase 3.4 Pipeline Register Optimization
Phase 3.4 Pipeline Register Optimization | Checksum: 1acc69921

Time (s): cpu = 00:00:00 ; elapsed = 00:00:00.665 . Memory (MB): peak = 1772.891 ; gain = 0.000

Phase 3.5 Small Shape Detail Placement
Phase 3.5 Small Shape Detail Placement | Checksum: 1387688a9

Time (s): cpu = 00:00:00 ; elapsed = 00:00:00.708 . Memory (MB): peak = 1772.891 ; gain = 0.000

Phase 3.6 Re-assign LUT pins
Phase 3.6 Re-assign LUT pins | Checksum: 19c6f3e99

Time (s): cpu = 00:00:00 ; elapsed = 00:00:00.714 . Memory (MB): peak = 1772.891 ; gain = 0.000

Phase 3.7 Pipeline Register Optimization
Phase 3.7 Pipeline Register Optimization | Checksum: 1a4a438cd

Time (s): cpu = 00:00:00 ; elapsed = 00:00:00.717 . Memory (MB): peak = 1772.891 ; gain = 0.000
Phase 3 Detail Placement | Checksum: 1a4a438cd

Time (s): cpu = 00:00:00 ; elapsed = 00:00:00.719 . Memory (MB): peak = 1772.891 ; gain = 0.000

Phase 4 Post Placement Optimization and Clean-Up

Phase 4.1 Post Commit Optimization
INFO: [Timing 38-35] Done setting XDC timing constraints.

Phase 4.1.1 Post Placement Optimization
Post Placement Optimization Initialization | Checksum: d5fa993c

Phase 4.1.1.1 BUFG Insertion

Starting Physical Synthesis Task

Phase 1 Physical Synthesis Initialization
INFO: [Physopt 32-721] Multithreading enabled for phys_opt_design using a maximum of 2 CPUs
INFO: [Physopt 32-619] Estimated Timing Summary | WNS=4.232 | TNS=0.000 |
Phase 1 Physical Synthesis Initialization | Checksum: 6eb7a123

Time (s): cpu = 00:00:00 ; elapsed = 00:00:00.009 . Memory (MB): peak = 1772.891 ; gain = 0.000
INFO: [Place 46-56] BUFG insertion identified 0 candidate nets. Inserted BUFG: 0, Replicated BUFG Driver: 0, Skipped due to Placement/Routing Conflicts: 0, Skipped due to Timing Degradation: 0, Skipped due to Illegal Netlist: 0.
Ending Physical Synthesis Task | Checksum: cb96d59f

Time (s): cpu = 00:00:00 ; elapsed = 00:00:00.011 . Memory (MB): peak = 1772.891 ; gain = 0.000
Phase 4.1.1.1 BUFG Insertion | Checksum: d5fa993c

Time (s): cpu = 00:00:00 ; elapsed = 00:00:00.779 . Memory (MB): peak = 1772.891 ; gain = 0.000

Phase 4.1.1.2 Post Placement Timing Optimization
INFO: [Place 30-746] Post Placement Timing Summary WNS=4.232. For the most accurate timing information please run report_timing.
Phase 4.1.1.2 Post Placement Timing Optimization | Checksum: eb505bbe

Time (s): cpu = 00:00:00 ; elapsed = 00:00:00.783 . Memory (MB): peak = 1772.891 ; gain = 0.000

Time (s): cpu = 00:00:00 ; elapsed = 00:00:00.784 . Memory (MB): peak = 1772.891 ; gain = 0.000
Phase 4.1 Post Commit Optimization | Checksum: eb505bbe

Time (s): cpu = 00:00:00 ; elapsed = 00:00:00.786 . Memory (MB): peak = 1772.891 ; gain = 0.000

Phase 4.2 Post Placement Cleanup
Phase 4.2 Post Placement Cleanup | Checksum: eb505bbe

Time (s): cpu = 00:00:00 ; elapsed = 00:00:00.790 . Memory (MB): peak = 1772.891 ; gain = 0.000

Phase 4.3 Placer Reporting

Phase 4.3.1 Print Estimated Congestion
INFO: [Place 30-612] Post-Placement Estimated Congestion 
 ____________________________________________________
|           | Global Congestion | Short Congestion  |
| Direction | Region Size       | Region Size       |
|___________|___________________|___________________|
|      North|                1x1|                1x1|
|___________|___________________|___________________|
|      South|                1x1|                1x1|
|___________|___________________|___________________|
|       East|                1x1|                1x1|
|___________|___________________|___________________|
|       West|                1x1|                1x1|
|___________|___________________|___________________|

Phase 4.3.1 Print Estimated Congestion | Checksum: eb505bbe

Time (s): cpu = 00:00:00 ; elapsed = 00:00:00.795 . Memory (MB): peak = 1772.891 ; gain = 0.000
Phase 4.3 Placer Reporting | Checksum: eb505bbe

Time (s): cpu = 00:00:00 ; elapsed = 00:00:00.797 . Memory (MB): peak = 1772.891 ; gain = 0.000

Phase 4.4 Final Placement Cleanup
Netlist sorting complete. Time (s): cpu = 00:00:00 ; elapsed = 00:00:00 . Memory (MB): peak = 1772.891 ; gain = 0.000

Time (s): cpu = 00:00:00 ; elapsed = 00:00:00.800 . Memory (MB): peak = 1772.891 ; gain = 0.000
Phase 4 Post Placement Optimization and Clean-Up | Checksum: ee6ed486

Time (s): cpu = 00:00:00 ; elapsed = 00:00:00.803 . Memory (MB): peak = 1772.891 ; gain = 0.000
Ending Placer Task | Checksum: a1dcca07

Time (s): cpu = 00:00:00 ; elapsed = 00:00:00.804 . Memory (MB): peak = 1772.891 ; gain = 0.000
INFO: [Common 17-83] Releasing license: Implementation
61 Infos, 0 Warnings, 0 Critical Warnings and 0 Errors encountered.
place_design completed successfully
INFO: [Timing 38-480] Writing timing data to binary archive.
Writing placer database...
Writing XDEF routing.
Writing XDEF routing logical nets.
Writing XDEF routing special nets.
Write XDEF Complete: Time (s): cpu = 00:00:00 ; elapsed = 00:00:00.169 . Memory (MB): peak = 1772.891 ; gain = 0.000
INFO: [Common 17-1381] The checkpoint 'P:/25summer/engs031/Groups/GoldenGiraffe/Snake/Snake.runs/impl_1/snake_toplevel_placed.dcp' has been generated.
INFO: [runtcl-4] Executing : report_io -file snake_toplevel_io_placed.rpt
report_io: Time (s): cpu = 00:00:00 ; elapsed = 00:00:00.033 . Memory (MB): peak = 1772.891 ; gain = 0.000
INFO: [runtcl-4] Executing : report_utilization -file snake_toplevel_utilization_placed.rpt -pb snake_toplevel_utilization_placed.pb
INFO: [runtcl-4] Executing : report_control_sets -verbose -file snake_toplevel_control_sets_placed.rpt
report_control_sets: Time (s): cpu = 00:00:00 ; elapsed = 00:00:00.006 . Memory (MB): peak = 1772.891 ; gain = 0.000
Command: phys_opt_design
Attempting to get a license for feature 'Implementation' and/or device 'xc7a35t'
INFO: [Common 17-349] Got license for feature 'Implementation' and/or device 'xc7a35t'
INFO: [Vivado_Tcl 4-383] Design worst setup slack (WNS) is greater than or equal to 0.000 ns. Skipping all physical synthesis optimizations.
INFO: [Vivado_Tcl 4-232] No setup violation found. The netlist was not modified.
INFO: [Common 17-83] Releasing license: Implementation
70 Infos, 0 Warnings, 0 Critical Warnings and 0 Errors encountered.
phys_opt_design completed successfully
INFO: [Timing 38-480] Writing timing data to binary archive.
Writing placer database...
Writing XDEF routing.
Writing XDEF routing logical nets.
Writing XDEF routing special nets.
Write XDEF Complete: Time (s): cpu = 00:00:00 ; elapsed = 00:00:00.177 . Memory (MB): peak = 1775.219 ; gain = 2.328
INFO: [Common 17-1381] The checkpoint 'P:/25summer/engs031/Groups/GoldenGiraffe/Snake/Snake.runs/impl_1/snake_toplevel_physopt.dcp' has been generated.
Command: route_design
Attempting to get a license for feature 'Implementation' and/or device 'xc7a35t'
INFO: [Common 17-349] Got license for feature 'Implementation' and/or device 'xc7a35t'
Running DRC as a precondition to command route_design
INFO: [DRC 23-27] Running DRC with 2 threads
INFO: [Vivado_Tcl 4-198] DRC finished with 0 Errors
INFO: [Vivado_Tcl 4-199] Please refer to the DRC report (report_drc) for more information.


Starting Routing Task
INFO: [Route 35-254] Multithreading enabled for route_design using a maximum of 2 CPUs

Phase 1 Build RT Design
Checksum: PlaceDB: 941b7c79 ConstDB: 0 ShapeSum: dc14d8e RouteDB: 0
Post Restoration Checksum: NetGraph: 11f4f48a NumContArr: 206acb90 Constraints: 0 Timing: 0
Phase 1 Build RT Design | Checksum: 325fc01a

Time (s): cpu = 00:00:03 ; elapsed = 00:00:08 . Memory (MB): peak = 1851.066 ; gain = 70.125

Phase 2 Router Initialization

Phase 2.1 Create Timer
Phase 2.1 Create Timer | Checksum: 325fc01a

Time (s): cpu = 00:00:03 ; elapsed = 00:00:08 . Memory (MB): peak = 1851.074 ; gain = 70.133

Phase 2.2 Fix Topology Constraints
Phase 2.2 Fix Topology Constraints | Checksum: 325fc01a

Time (s): cpu = 00:00:03 ; elapsed = 00:00:08 . Memory (MB): peak = 1857.074 ; gain = 76.133

Phase 2.3 Pre Route Cleanup
Phase 2.3 Pre Route Cleanup | Checksum: 325fc01a

Time (s): cpu = 00:00:03 ; elapsed = 00:00:08 . Memory (MB): peak = 1857.074 ; gain = 76.133
 Number of Nodes with overlaps = 0

Phase 2.4 Update Timing
Phase 2.4 Update Timing | Checksum: 16a70f83c

Time (s): cpu = 00:00:03 ; elapsed = 00:00:08 . Memory (MB): peak = 1861.633 ; gain = 80.691
INFO: [Route 35-416] Intermediate Timing Summary | WNS=4.252  | TNS=0.000  | WHS=-0.094 | THS=-0.769 |


Router Utilization Summary
  Global Vertical Routing Utilization    = 0 %
  Global Horizontal Routing Utilization  = 0 %
  Routable Net Status*
  *Does not include unroutable nets such as driverless and loadless.
  Run report_route_status for detailed report.
  Number of Failed Nets               = 71
    (Failed Nets is the sum of unrouted and partially routed nets)
  Number of Unrouted Nets             = 71
  Number of Partially Routed Nets     = 0
  Number of Node Overlaps             = 0

Phase 2 Router Initialization | Checksum: 24dade4d2

Time (s): cpu = 00:00:03 ; elapsed = 00:00:08 . Memory (MB): peak = 1862.711 ; gain = 81.770

Phase 3 Initial Routing

Phase 3.1 Global Routing
Phase 3.1 Global Routing | Checksum: 24dade4d2

Time (s): cpu = 00:00:03 ; elapsed = 00:00:08 . Memory (MB): peak = 1862.711 ; gain = 81.770
Phase 3 Initial Routing | Checksum: 1abd45f87

Time (s): cpu = 00:00:03 ; elapsed = 00:00:08 . Memory (MB): peak = 1862.711 ; gain = 81.770

Phase 4 Rip-up And Reroute

Phase 4.1 Global Iteration 0
 Number of Nodes with overlaps = 12
 Number of Nodes with overlaps = 0
INFO: [Route 35-416] Intermediate Timing Summary | WNS=3.897  | TNS=0.000  | WHS=N/A    | THS=N/A    |

Phase 4.1 Global Iteration 0 | Checksum: 19c0dc596

Time (s): cpu = 00:00:03 ; elapsed = 00:00:08 . Memory (MB): peak = 1862.711 ; gain = 81.770

Phase 4.2 Global Iteration 1
 Number of Nodes with overlaps = 0
INFO: [Route 35-416] Intermediate Timing Summary | WNS=3.897  | TNS=0.000  | WHS=N/A    | THS=N/A    |

Phase 4.2 Global Iteration 1 | Checksum: ec2565ab

Time (s): cpu = 00:00:03 ; elapsed = 00:00:08 . Memory (MB): peak = 1862.711 ; gain = 81.770
Phase 4 Rip-up And Reroute | Checksum: ec2565ab

Time (s): cpu = 00:00:03 ; elapsed = 00:00:08 . Memory (MB): peak = 1862.711 ; gain = 81.770

Phase 5 Delay and Skew Optimization

Phase 5.1 Delay CleanUp
Phase 5.1 Delay CleanUp | Checksum: ec2565ab

Time (s): cpu = 00:00:03 ; elapsed = 00:00:08 . Memory (MB): peak = 1862.711 ; gain = 81.770

Phase 5.2 Clock Skew Optimization
Phase 5.2 Clock Skew Optimization | Checksum: ec2565ab

Time (s): cpu = 00:00:03 ; elapsed = 00:00:08 . Memory (MB): peak = 1862.711 ; gain = 81.770
Phase 5 Delay and Skew Optimization | Checksum: ec2565ab

Time (s): cpu = 00:00:03 ; elapsed = 00:00:08 . Memory (MB): peak = 1862.711 ; gain = 81.770

Phase 6 Post Hold Fix

Phase 6.1 Hold Fix Iter

Phase 6.1.1 Update Timing
Phase 6.1.1 Update Timing | Checksum: c8e8dbf8

Time (s): cpu = 00:00:03 ; elapsed = 00:00:08 . Memory (MB): peak = 1862.711 ; gain = 81.770
INFO: [Route 35-416] Intermediate Timing Summary | WNS=3.976  | TNS=0.000  | WHS=0.208  | THS=0.000  |

Phase 6.1 Hold Fix Iter | Checksum: 11600d7c1

Time (s): cpu = 00:00:03 ; elapsed = 00:00:08 . Memory (MB): peak = 1862.711 ; gain = 81.770
Phase 6 Post Hold Fix | Checksum: 11600d7c1

Time (s): cpu = 00:00:03 ; elapsed = 00:00:08 . Memory (MB): peak = 1862.711 ; gain = 81.770

Phase 7 Route finalize

Router Utilization Summary
  Global Vertical Routing Utilization    = 0.0161046 %
  Global Horizontal Routing Utilization  = 0.015747 %
  Routable Net Status*
  *Does not include unroutable nets such as driverless and loadless.
  Run report_route_status for detailed report.
  Number of Failed Nets               = 0
    (Failed Nets is the sum of unrouted and partially routed nets)
  Number of Unrouted Nets             = 0
  Number of Partially Routed Nets     = 0
  Number of Node Overlaps             = 0

Phase 7 Route finalize | Checksum: 1560931a8

Time (s): cpu = 00:00:03 ; elapsed = 00:00:08 . Memory (MB): peak = 1862.711 ; gain = 81.770

Phase 8 Verifying routed nets

 Verification completed successfully
Phase 8 Verifying routed nets | Checksum: 1560931a8

Time (s): cpu = 00:00:03 ; elapsed = 00:00:08 . Memory (MB): peak = 1863.449 ; gain = 82.508

Phase 9 Depositing Routes
Phase 9 Depositing Routes | Checksum: 140c54caf

Time (s): cpu = 00:00:03 ; elapsed = 00:00:08 . Memory (MB): peak = 1863.449 ; gain = 82.508

Phase 10 Post Router Timing
INFO: [Route 35-57] Estimated Timing Summary | WNS=3.976  | TNS=0.000  | WHS=0.208  | THS=0.000  |

INFO: [Route 35-327] The final timing numbers are based on the router estimated timing analysis. For a complete and accurate timing signoff, please run report_timing_summary.
Phase 10 Post Router Timing | Checksum: 140c54caf

Time (s): cpu = 00:00:03 ; elapsed = 00:00:09 . Memory (MB): peak = 1863.449 ; gain = 82.508
INFO: [Route 35-16] Router Completed Successfully

Time (s): cpu = 00:00:03 ; elapsed = 00:00:09 . Memory (MB): peak = 1863.449 ; gain = 82.508

Routing Is Done.
INFO: [Common 17-83] Releasing license: Implementation
85 Infos, 0 Warnings, 0 Critical Warnings and 0 Errors encountered.
route_design completed successfully
route_design: Time (s): cpu = 00:00:03 ; elapsed = 00:00:09 . Memory (MB): peak = 1863.449 ; gain = 88.230
INFO: [Timing 38-480] Writing timing data to binary archive.
Writing placer database...
Writing XDEF routing.
Writing XDEF routing logical nets.
Writing XDEF routing special nets.
Write XDEF Complete: Time (s): cpu = 00:00:00 ; elapsed = 00:00:00.162 . Memory (MB): peak = 1874.508 ; gain = 11.059
INFO: [Common 17-1381] The checkpoint 'P:/25summer/engs031/Groups/GoldenGiraffe/Snake/Snake.runs/impl_1/snake_toplevel_routed.dcp' has been generated.
INFO: [runtcl-4] Executing : report_drc -file snake_toplevel_drc_routed.rpt -pb snake_toplevel_drc_routed.pb -rpx snake_toplevel_drc_routed.rpx
Command: report_drc -file snake_toplevel_drc_routed.rpt -pb snake_toplevel_drc_routed.pb -rpx snake_toplevel_drc_routed.rpx
INFO: [IP_Flow 19-1839] IP Catalog is up to date.
INFO: [DRC 23-27] Running DRC with 2 threads
INFO: [Vivado_Tcl 2-168] The results of DRC are in file P:/25summer/engs031/Groups/GoldenGiraffe/Snake/Snake.runs/impl_1/snake_toplevel_drc_routed.rpt.
report_drc completed successfully
INFO: [runtcl-4] Executing : report_methodology -file snake_toplevel_methodology_drc_routed.rpt -pb snake_toplevel_methodology_drc_routed.pb -rpx snake_toplevel_methodology_drc_routed.rpx
Command: report_methodology -file snake_toplevel_methodology_drc_routed.rpt -pb snake_toplevel_methodology_drc_routed.pb -rpx snake_toplevel_methodology_drc_routed.rpx
INFO: [Timing 38-35] Done setting XDC timing constraints.
INFO: [DRC 23-133] Running Methodology with 2 threads
INFO: [Vivado_Tcl 2-1520] The results of Report Methodology are in file P:/25summer/engs031/Groups/GoldenGiraffe/Snake/Snake.runs/impl_1/snake_toplevel_methodology_drc_routed.rpt.
report_methodology completed successfully
INFO: [runtcl-4] Executing : report_power -file snake_toplevel_power_routed.rpt -pb snake_toplevel_power_summary_routed.pb -rpx snake_toplevel_power_routed.rpx
Command: report_power -file snake_toplevel_power_routed.rpt -pb snake_toplevel_power_summary_routed.pb -rpx snake_toplevel_power_routed.rpx
INFO: [Timing 38-35] Done setting XDC timing constraints.
Running Vector-less Activity Propagation...

Finished Running Vector-less Activity Propagation
97 Infos, 0 Warnings, 0 Critical Warnings and 0 Errors encountered.
report_power completed successfully
INFO: [runtcl-4] Executing : report_route_status -file snake_toplevel_route_status.rpt -pb snake_toplevel_route_status.pb
INFO: [runtcl-4] Executing : report_timing_summary -max_paths 10 -report_unconstrained -file snake_toplevel_timing_summary_routed.rpt -pb snake_toplevel_timing_summary_routed.pb -rpx snake_toplevel_timing_summary_routed.rpx -warn_on_violation 
INFO: [Timing 38-91] UpdateTimingParams: Speed grade: -1, Delay Type: min_max.
INFO: [Timing 38-191] Multithreading enabled for timing update using a maximum of 2 CPUs
INFO: [runtcl-4] Executing : report_incremental_reuse -file snake_toplevel_incremental_reuse_routed.rpt
INFO: [Vivado_Tcl 4-1062] Incremental flow is disabled. No incremental reuse Info to report.
INFO: [runtcl-4] Executing : report_clock_utilization -file snake_toplevel_clock_utilization_routed.rpt
INFO: [runtcl-4] Executing : report_bus_skew -warn_on_violation -file snake_toplevel_bus_skew_routed.rpt -pb snake_toplevel_bus_skew_routed.pb -rpx snake_toplevel_bus_skew_routed.rpx
INFO: [Timing 38-91] UpdateTimingParams: Speed grade: -1, Delay Type: min_max.
INFO: [Timing 38-191] Multithreading enabled for timing update using a maximum of 2 CPUs
Command: write_bitstream -force snake_toplevel.bit
Attempting to get a license for feature 'Implementation' and/or device 'xc7a35t'
INFO: [Common 17-349] Got license for feature 'Implementation' and/or device 'xc7a35t'
Running DRC as a precondition to command write_bitstream
INFO: [IP_Flow 19-1839] IP Catalog is up to date.
INFO: [DRC 23-27] Running DRC with 2 threads
INFO: [Vivado 12-3199] DRC finished with 0 Errors
INFO: [Vivado 12-3200] Please refer to the DRC report (report_drc) for more information.
INFO: [Designutils 20-2272] Running write_bitstream with 2 threads.
Loading data files...
Loading site data...
Loading route data...
Processing options...
Creating bitmap...
Creating bitstream...
Bitstream compression saved 15569600 bits.
Writing bitstream ./snake_toplevel.bit...
INFO: [Vivado 12-1842] Bitgen Completed Successfully.
INFO: [Common 17-83] Releasing license: Implementation
11 Infos, 0 Warnings, 0 Critical Warnings and 0 Errors encountered.
write_bitstream completed successfully
INFO: [Common 17-206] Exiting Vivado at Sun Aug 17 00:05:36 2025...
