Copyright 1986-2021 Xilinx, Inc. All Rights Reserved.
----------------------------------------------------------------------------------------------
| Tool Version : Vivado v.2021.2.1 (win64) Build 3414424 Sun Dec 19 10:57:22 MST 2021
| Date         : Sat Aug 23 19:57:26 2025
| Host         : c011-06 running 64-bit major release  (build 9200)
| Command      : report_control_sets -verbose -file game_fsm_toplevel_control_sets_placed.rpt
| Design       : game_fsm_toplevel
| Device       : xc7a35t
----------------------------------------------------------------------------------------------

Control Set Information

Table of Contents
-----------------
1. Summary
2. Histogram
3. Flip-Flop Distribution
4. Detailed Control Set Information

1. Summary
----------

+----------------------------------------------------------+-------+
|                          Status                          | Count |
+----------------------------------------------------------+-------+
| Total control sets                                       |     7 |
|    Minimum number of control sets                        |     7 |
|    Addition due to synthesis replication                 |     0 |
|    Addition due to physical synthesis replication        |     0 |
| Unused register locations in slices containing registers |    13 |
+----------------------------------------------------------+-------+
* Control sets can be merged at opt_design using control_set_merge or merge_equivalent_drivers
** Run report_qor_suggestions for automated merging and remapping suggestions


2. Histogram
------------

+--------------------+-------+
|       Fanout       | Count |
+--------------------+-------+
| Total control sets |     7 |
| >= 0 to < 4        |     0 |
| >= 4 to < 6        |     0 |
| >= 6 to < 8        |     0 |
| >= 8 to < 10       |     5 |
| >= 10 to < 12      |     0 |
| >= 12 to < 14      |     0 |
| >= 14 to < 16      |     0 |
| >= 16              |     2 |
+--------------------+-------+
* Control sets can be remapped at either synth_design or opt_design


3. Flip-Flop Distribution
-------------------------

+--------------+-----------------------+------------------------+-----------------+--------------+
| Clock Enable | Synchronous Set/Reset | Asynchronous Set/Reset | Total Registers | Total Slices |
+--------------+-----------------------+------------------------+-----------------+--------------+
| No           | No                    | No                     |              25 |           11 |
| No           | No                    | Yes                    |               0 |            0 |
| No           | Yes                   | No                     |              66 |           23 |
| Yes          | No                    | No                     |               0 |            0 |
| Yes          | No                    | Yes                    |               0 |            0 |
| Yes          | Yes                   | No                     |               0 |            0 |
+--------------+-----------------------+------------------------+-----------------+--------------+


4. Detailed Control Set Information
-----------------------------------

+--------------------+---------------+---------------------------+------------------+----------------+--------------+
|    Clock Signal    | Enable Signal |      Set/Reset Signal     | Slice Load Count | Bel Load Count | Bels / Slice |
+--------------------+---------------+---------------------------+------------------+----------------+--------------+
|  clk_ext_IBUF_BUFG |               | crash_sw/next_state[0]    |                3 |              8 |         2.67 |
|  clk_ext_IBUF_BUFG |               | full_sw/next_state[0]     |                3 |              8 |         2.67 |
|  clk_ext_IBUF_BUFG |               | pause_sw/next_state[0]    |                4 |              8 |         2.00 |
|  clk_ext_IBUF_BUFG |               | pressed_btn/next_state[0] |                2 |              8 |         4.00 |
|  clk_ext_IBUF_BUFG |               | reset_sw/next_state[0]    |                3 |              8 |         2.67 |
|  clk_ext_IBUF_BUFG |               |                           |               11 |             25 |         2.27 |
|  clk_ext_IBUF_BUFG |               | counter[25]_i_1_n_0       |                8 |             26 |         3.25 |
+--------------------+---------------+---------------------------+------------------+----------------+--------------+


