Copyright 1986-2021 Xilinx, Inc. All Rights Reserved.
------------------------------------------------------------------------------------------------------------------------------------------------
| Tool Version : Vivado v.2021.2.1 (win64) Build 3414424 Sun Dec 19 10:57:22 MST 2021
| Date         : Sat Aug 23 14:52:29 2025
| Host         : c011-06 running 64-bit major release  (build 9200)
| Command      : report_drc -file randomizer_toplevel_drc_opted.rpt -pb randomizer_toplevel_drc_opted.pb -rpx randomizer_toplevel_drc_opted.rpx
| Design       : randomizer_toplevel
| Device       : xc7a35tcpg236-1
| Speed File   : -1
| Design State : Synthesized
------------------------------------------------------------------------------------------------------------------------------------------------

Report DRC

Table of Contents
-----------------
1. REPORT SUMMARY
2. REPORT DETAILS

1. REPORT SUMMARY
-----------------
            Netlist: netlist
          Floorplan: design_1
      Design limits: <entire design considered>
           Ruledeck: default
             Max violations: <unlimited>
             Violations found: 0
+------+----------+-------------+------------+
| Rule | Severity | Description | Violations |
+------+----------+-------------+------------+
+------+----------+-------------+------------+

2. REPORT DETAILS
-----------------

