Copyright 1986-2021 Xilinx, Inc. All Rights Reserved.
-------------------------------------------------------------------------------------------
| Tool Version : Vivado v.2021.2.1 (win64) Build 3414424 Sun Dec 19 10:57:22 MST 2021
| Date         : Sun Aug 24 22:27:02 2025
| Host         : c011-06 running 64-bit major release  (build 9200)
| Command      : report_control_sets -verbose -file snake_toplevel_control_sets_placed.rpt
| Design       : snake_toplevel
| Device       : xc7a35t
-------------------------------------------------------------------------------------------

Control Set Information

Table of Contents
-----------------
1. Summary
2. Histogram
3. Flip-Flop Distribution
4. Detailed Control Set Information

1. Summary
----------

+----------------------------------------------------------+-------+
|                          Status                          | Count |
+----------------------------------------------------------+-------+
| Total control sets                                       |   193 |
|    Minimum number of control sets                        |   193 |
|    Addition due to synthesis replication                 |     0 |
|    Addition due to physical synthesis replication        |     0 |
| Unused register locations in slices containing registers |    29 |
+----------------------------------------------------------+-------+
* Control sets can be merged at opt_design using control_set_merge or merge_equivalent_drivers
** Run report_qor_suggestions for automated merging and remapping suggestions


2. Histogram
------------

+--------------------+-------+
|       Fanout       | Count |
+--------------------+-------+
| Total control sets |   193 |
| >= 0 to < 4        |     1 |
| >= 4 to < 6        |     1 |
| >= 6 to < 8        |     2 |
| >= 8 to < 10       |   183 |
| >= 10 to < 12      |     1 |
| >= 12 to < 14      |     0 |
| >= 14 to < 16      |     2 |
| >= 16              |     3 |
+--------------------+-------+
* Control sets can be remapped at either synth_design or opt_design


3. Flip-Flop Distribution
-------------------------

+--------------+-----------------------+------------------------+-----------------+--------------+
| Clock Enable | Synchronous Set/Reset | Asynchronous Set/Reset | Total Registers | Total Slices |
+--------------+-----------------------+------------------------+-----------------+--------------+
| No           | No                    | No                     |              39 |           16 |
| No           | No                    | Yes                    |               0 |            0 |
| No           | Yes                   | No                     |              85 |           30 |
| Yes          | No                    | No                     |              20 |            8 |
| Yes          | No                    | Yes                    |               0 |            0 |
| Yes          | Yes                   | No                     |            1475 |          672 |
+--------------+-----------------------+------------------------+-----------------+--------------+


4. Detailed Control Set Information
-----------------------------------

+--------------------+-----------------------------------------+----------------------------+------------------+----------------+--------------+
|    Clock Signal    |              Enable Signal              |      Set/Reset Signal      | Slice Load Count | Bel Load Count | Bels / Slice |
+--------------------+-----------------------------------------+----------------------------+------------------+----------------+--------------+
|  clk_ext_IBUF_BUFG | sync/x_sig[9]_i_1_n_0                   | sync/y_sig[9]_i_1_n_0      |                1 |              3 |         3.00 |
|  clk_ext_IBUF_BUFG | helperfsm/E[0]                          | gamefsm/reset_sync         |                1 |              4 |         4.00 |
|  clk_ext_IBUF_BUFG | sync/x_sig[9]_i_1_n_0                   |                            |                2 |              6 |         3.00 |
|  clk_ext_IBUF_BUFG | pixel_clk                               | sync/x_sig[9]_i_1_n_0      |                4 |              7 |         1.75 |
|  clk_ext_IBUF_BUFG | datapath/grid_2d_reg[11][7][7]_i_1_n_0  | gamefsm/reset_sync         |                2 |              8 |         4.00 |
|  clk_ext_IBUF_BUFG | datapath/grid_2d[0][9][7]_i_1_n_0       | gamefsm/reset_sync         |                4 |              8 |         2.00 |
|  clk_ext_IBUF_BUFG |                                         | reset_sw/next_state[0]     |                3 |              8 |         2.67 |
|  clk_ext_IBUF_BUFG |                                         | right_btn/next_state[0]    |                3 |              8 |         2.67 |
|  clk_ext_IBUF_BUFG |                                         | up_btn/next_state[0]       |                3 |              8 |         2.67 |
|  clk_ext_IBUF_BUFG | datapath/grid_2d[8][0][7]_i_1_n_0       | gamefsm/reset_sync         |                3 |              8 |         2.67 |
|  clk_ext_IBUF_BUFG |                                         | down_btn/next_state[0]     |                3 |              8 |         2.67 |
|  clk_ext_IBUF_BUFG |                                         | left_btn/next_state[0]     |                3 |              8 |         2.67 |
|  clk_ext_IBUF_BUFG |                                         | pause_sw/next_state[0]     |                2 |              8 |         4.00 |
|  clk_ext_IBUF_BUFG | datapath/grid_2d[8][10][7]_i_1_n_0      | gamefsm/reset_sync         |                4 |              8 |         2.00 |
|  clk_ext_IBUF_BUFG | datapath/grid_2d[8][1][7]_i_1_n_0       | gamefsm/reset_sync         |                4 |              8 |         2.00 |
|  clk_ext_IBUF_BUFG | datapath/grid_2d[8][2][7]_i_1_n_0       | gamefsm/reset_sync         |                3 |              8 |         2.67 |
|  clk_ext_IBUF_BUFG | datapath/grid_2d[8][5][7]_i_1_n_0       | gamefsm/reset_sync         |                3 |              8 |         2.67 |
|  clk_ext_IBUF_BUFG | datapath/grid_2d[8][4][7]_i_1_n_0       | gamefsm/reset_sync         |                4 |              8 |         2.00 |
|  clk_ext_IBUF_BUFG | datapath/grid_2d[8][7][7]_i_1_n_0       | gamefsm/reset_sync         |                4 |              8 |         2.00 |
|  clk_ext_IBUF_BUFG | datapath/grid_2d[8][8][7]_i_1_n_0       | gamefsm/reset_sync         |                4 |              8 |         2.00 |
|  clk_ext_IBUF_BUFG | datapath/grid_2d[8][3][7]_i_1_n_0       | gamefsm/reset_sync         |                3 |              8 |         2.67 |
|  clk_ext_IBUF_BUFG | datapath/grid_2d[8][9][7]_i_1_n_0       | gamefsm/reset_sync         |                3 |              8 |         2.67 |
|  clk_ext_IBUF_BUFG | datapath/grid_2d[8][6][7]_i_1_n_0       | gamefsm/reset_sync         |                3 |              8 |         2.67 |
|  clk_ext_IBUF_BUFG | datapath/grid_2d_reg[10][1][7]_i_1_n_0  | gamefsm/reset_sync         |                3 |              8 |         2.67 |
|  clk_ext_IBUF_BUFG | datapath/grid_2d_reg[11][0][7]_i_1_n_0  | gamefsm/reset_sync         |                5 |              8 |         1.60 |
|  clk_ext_IBUF_BUFG | datapath/grid_2d_reg[11][6][7]_i_1_n_0  | gamefsm/reset_sync         |                3 |              8 |         2.67 |
|  clk_ext_IBUF_BUFG | datapath/grid_2d_reg[11][9][7]_i_1_n_0  | gamefsm/reset_sync         |                3 |              8 |         2.67 |
|  clk_ext_IBUF_BUFG | datapath/grid_2d_reg[12][5][7]_i_1_n_0  | gamefsm/reset_sync         |                4 |              8 |         2.00 |
|  clk_ext_IBUF_BUFG | datapath/grid_2d_reg[13][0][7]_i_1_n_0  | gamefsm/reset_sync         |                3 |              8 |         2.67 |
|  clk_ext_IBUF_BUFG | datapath/grid_2d_reg[10][5][7]_i_1_n_0  | gamefsm/reset_sync         |                3 |              8 |         2.67 |
|  clk_ext_IBUF_BUFG | datapath/grid_2d_reg[11][3][7]_i_1_n_0  | gamefsm/reset_sync         |                3 |              8 |         2.67 |
|  clk_ext_IBUF_BUFG | datapath/grid_2d_reg[12][1][7]_i_1_n_0  | gamefsm/reset_sync         |                5 |              8 |         1.60 |
|  clk_ext_IBUF_BUFG | datapath/grid_2d_reg[11][8][7]_i_1_n_0  | gamefsm/reset_sync         |                3 |              8 |         2.67 |
|  clk_ext_IBUF_BUFG | datapath/grid_2d_reg[13][1][7]_i_1_n_0  | gamefsm/reset_sync         |                4 |              8 |         2.00 |
|  clk_ext_IBUF_BUFG | datapath/grid_2d_reg[13][10][7]_i_1_n_0 | gamefsm/reset_sync         |                3 |              8 |         2.67 |
|  clk_ext_IBUF_BUFG | datapath/grid_2d_reg[10][0][7]_i_1_n_0  | gamefsm/reset_sync         |                5 |              8 |         1.60 |
|  clk_ext_IBUF_BUFG | datapath/grid_2d_reg[11][2][7]_i_1_n_0  | gamefsm/reset_sync         |                4 |              8 |         2.00 |
|  clk_ext_IBUF_BUFG | datapath/grid_2d_reg[13][3][7]_i_1_n_0  | gamefsm/reset_sync         |                3 |              8 |         2.67 |
|  clk_ext_IBUF_BUFG | datapath/grid_2d_reg[13][4][7]_i_1_n_0  | gamefsm/reset_sync         |                3 |              8 |         2.67 |
|  clk_ext_IBUF_BUFG | datapath/grid_2d_reg[10][4][7]_i_1_n_0  | gamefsm/reset_sync         |                5 |              8 |         1.60 |
|  clk_ext_IBUF_BUFG | datapath/grid_2d_reg[13][5][7]_i_1_n_0  | gamefsm/reset_sync         |                6 |              8 |         1.33 |
|  clk_ext_IBUF_BUFG | datapath/grid_2d_reg[10][2][7]_i_1_n_0  | gamefsm/reset_sync         |                4 |              8 |         2.00 |
|  clk_ext_IBUF_BUFG | datapath/grid_2d_reg[10][8][7]_i_1_n_0  | gamefsm/reset_sync         |                6 |              8 |         1.33 |
|  clk_ext_IBUF_BUFG | datapath/grid_2d_reg[11][10][7]_i_1_n_0 | gamefsm/reset_sync         |                3 |              8 |         2.67 |
|  clk_ext_IBUF_BUFG | datapath/grid_2d_reg[11][5][7]_i_1_n_0  | gamefsm/reset_sync         |                3 |              8 |         2.67 |
|  clk_ext_IBUF_BUFG | datapath/grid_2d_reg[12][3][7]_i_1_n_0  | gamefsm/reset_sync         |                3 |              8 |         2.67 |
|  clk_ext_IBUF_BUFG | datapath/grid_2d_reg[10][3][7]_i_1_n_0  | gamefsm/reset_sync         |                3 |              8 |         2.67 |
|  clk_ext_IBUF_BUFG | datapath/grid_2d_reg[10][7][7]_i_1_n_0  | gamefsm/reset_sync         |                3 |              8 |         2.67 |
|  clk_ext_IBUF_BUFG | datapath/grid_2d_reg[11][1][7]_i_1_n_0  | gamefsm/reset_sync         |                5 |              8 |         1.60 |
|  clk_ext_IBUF_BUFG | datapath/grid_2d_reg[12][6][7]_i_1_n_0  | gamefsm/reset_sync         |                5 |              8 |         1.60 |
|  clk_ext_IBUF_BUFG | datapath/grid_2d_reg[10][9][7]_i_1_n_0  | gamefsm/reset_sync         |                5 |              8 |         1.60 |
|  clk_ext_IBUF_BUFG | datapath/grid_2d_reg[11][4][7]_i_1_n_0  | gamefsm/reset_sync         |                3 |              8 |         2.67 |
|  clk_ext_IBUF_BUFG | datapath/grid_2d_reg[13][2][7]_i_1_n_0  | gamefsm/reset_sync         |                5 |              8 |         1.60 |
|  clk_ext_IBUF_BUFG | datapath/grid_2d_reg[13][6][7]_i_1_n_0  | gamefsm/reset_sync         |                4 |              8 |         2.00 |
|  clk_ext_IBUF_BUFG | datapath/grid_2d_reg[12][0][7]_i_1_n_0  | gamefsm/reset_sync         |                3 |              8 |         2.67 |
|  clk_ext_IBUF_BUFG | datapath/grid_2d_reg[12][10][7]_i_1_n_0 | gamefsm/reset_sync         |                3 |              8 |         2.67 |
|  clk_ext_IBUF_BUFG | datapath/grid_2d_reg[13][7][7]_i_1_n_0  | gamefsm/reset_sync         |                5 |              8 |         1.60 |
|  clk_ext_IBUF_BUFG | datapath/grid_2d_reg[13][8][7]_i_1_n_0  | gamefsm/reset_sync         |                4 |              8 |         2.00 |
|  clk_ext_IBUF_BUFG | datapath/grid_2d_reg[12][8][7]_i_1_n_0  | gamefsm/reset_sync         |                4 |              8 |         2.00 |
|  clk_ext_IBUF_BUFG | datapath/grid_2d_reg[13][9][7]_i_1_n_0  | gamefsm/reset_sync         |                4 |              8 |         2.00 |
|  clk_ext_IBUF_BUFG | datapath/grid_2d_reg[12][9][7]_i_1_n_0  | gamefsm/reset_sync         |                5 |              8 |         1.60 |
|  clk_ext_IBUF_BUFG | datapath/grid_2d_reg[10][6][7]_i_1_n_0  | gamefsm/reset_sync         |                3 |              8 |         2.67 |
|  clk_ext_IBUF_BUFG | datapath/grid_2d_reg[12][2][7]_i_1_n_0  | gamefsm/reset_sync         |                3 |              8 |         2.67 |
|  clk_ext_IBUF_BUFG | datapath/grid_2d_reg[12][4][7]_i_1_n_0  | gamefsm/reset_sync         |                3 |              8 |         2.67 |
|  clk_ext_IBUF_BUFG | datapath/grid_2d_reg[10][10][7]_i_1_n_0 | gamefsm/reset_sync         |                2 |              8 |         4.00 |
|  clk_ext_IBUF_BUFG | datapath/grid_2d_reg[12][7][7]_i_1_n_0  | gamefsm/reset_sync         |                4 |              8 |         2.00 |
|  clk_ext_IBUF_BUFG | datapath/grid_2d_reg[14][4][7]_i_1_n_0  | gamefsm/reset_sync         |                3 |              8 |         2.67 |
|  clk_ext_IBUF_BUFG | datapath/grid_2d_reg[14][6][7]_i_1_n_0  | gamefsm/reset_sync         |                5 |              8 |         1.60 |
|  clk_ext_IBUF_BUFG | datapath/grid_2d_reg[14][3][7]_i_1_n_0  | gamefsm/reset_sync         |                3 |              8 |         2.67 |
|  clk_ext_IBUF_BUFG | datapath/grid_2d_reg[14][7][7]_i_1_n_0  | gamefsm/reset_sync         |                5 |              8 |         1.60 |
|  clk_ext_IBUF_BUFG | datapath/grid_2d_reg[14][2][7]_i_1_n_0  | gamefsm/reset_sync         |                5 |              8 |         1.60 |
|  clk_ext_IBUF_BUFG | datapath/grid_2d_reg[14][9][7]_i_1_n_0  | gamefsm/reset_sync         |                4 |              8 |         2.00 |
|  clk_ext_IBUF_BUFG | datapath/grid_2d_reg[15][10][7]_i_1_n_0 | gamefsm/reset_sync         |                4 |              8 |         2.00 |
|  clk_ext_IBUF_BUFG | datapath/grid_2d_reg[14][10][7]_i_1_n_0 | gamefsm/reset_sync         |                3 |              8 |         2.67 |
|  clk_ext_IBUF_BUFG | datapath/grid_2d_reg[14][8][7]_i_1_n_0  | gamefsm/reset_sync         |                4 |              8 |         2.00 |
|  clk_ext_IBUF_BUFG | datapath/grid_2d_reg[14][0][7]_i_1_n_0  | gamefsm/reset_sync         |                3 |              8 |         2.67 |
|  clk_ext_IBUF_BUFG | datapath/grid_2d_reg[14][5][7]_i_1_n_0  | gamefsm/reset_sync         |                4 |              8 |         2.00 |
|  clk_ext_IBUF_BUFG | datapath/grid_2d_reg[14][1][7]_i_1_n_0  | gamefsm/reset_sync         |                3 |              8 |         2.67 |
|  clk_ext_IBUF_BUFG | datapath/grid_2d_reg[15][0][7]_i_1_n_0  | gamefsm/reset_sync         |                3 |              8 |         2.67 |
|  clk_ext_IBUF_BUFG | datapath/grid_2d_reg[15][7][7]_i_1_n_0  | gamefsm/reset_sync         |                4 |              8 |         2.00 |
|  clk_ext_IBUF_BUFG | datapath/grid_2d_reg[1][10][7]_i_1_n_0  | gamefsm/reset_sync         |                5 |              8 |         1.60 |
|  clk_ext_IBUF_BUFG | datapath/grid_2d_reg[1][1][7]_i_1_n_0   | gamefsm/reset_sync         |                5 |              8 |         1.60 |
|  clk_ext_IBUF_BUFG | datapath/grid_2d_reg[1][2][7]_i_1_n_0   | gamefsm/reset_sync         |                3 |              8 |         2.67 |
|  clk_ext_IBUF_BUFG | datapath/grid_2d_reg[1][3][7]_i_1_n_0   | gamefsm/reset_sync         |                4 |              8 |         2.00 |
|  clk_ext_IBUF_BUFG | datapath/grid_2d_reg[1][4][7]_i_1_n_0   | gamefsm/reset_sync         |                2 |              8 |         4.00 |
|  clk_ext_IBUF_BUFG | datapath/grid_2d_reg[15][3][7]_i_1_n_0  | gamefsm/reset_sync         |                4 |              8 |         2.00 |
|  clk_ext_IBUF_BUFG | datapath/grid_2d_reg[1][5][7]_i_1_n_0   | gamefsm/reset_sync         |                4 |              8 |         2.00 |
|  clk_ext_IBUF_BUFG | datapath/grid_2d_reg[15][5][7]_i_1_n_0  | gamefsm/reset_sync         |                3 |              8 |         2.67 |
|  clk_ext_IBUF_BUFG | datapath/grid_2d_reg[15][8][7]_i_1_n_0  | gamefsm/reset_sync         |                3 |              8 |         2.67 |
|  clk_ext_IBUF_BUFG | datapath/grid_2d_reg[1][6][7]_i_1_n_0   | gamefsm/reset_sync         |                3 |              8 |         2.67 |
|  clk_ext_IBUF_BUFG | datapath/grid_2d_reg[15][1][7]_i_1_n_0  | gamefsm/reset_sync         |                5 |              8 |         1.60 |
|  clk_ext_IBUF_BUFG | datapath/grid_2d_reg[15][2][7]_i_1_n_0  | gamefsm/reset_sync         |                3 |              8 |         2.67 |
|  clk_ext_IBUF_BUFG | datapath/grid_2d_reg[15][6][7]_i_1_n_0  | gamefsm/reset_sync         |                3 |              8 |         2.67 |
|  clk_ext_IBUF_BUFG | datapath/grid_2d_reg[1][0][7]_i_1_n_0   | gamefsm/reset_sync         |                3 |              8 |         2.67 |
|  clk_ext_IBUF_BUFG | datapath/grid_2d_reg[15][9][7]_i_1_n_0  | gamefsm/reset_sync         |                3 |              8 |         2.67 |
|  clk_ext_IBUF_BUFG | datapath/grid_2d_reg[15][4][7]_i_1_n_0  | gamefsm/reset_sync         |                3 |              8 |         2.67 |
|  clk_ext_IBUF_BUFG | datapath/grid_2d_reg[5][6][7]_i_1_n_0   | gamefsm/reset_sync         |                4 |              8 |         2.00 |
|  clk_ext_IBUF_BUFG | datapath/grid_2d_reg[2][1][7]_i_1_n_0   | gamefsm/reset_sync         |                4 |              8 |         2.00 |
|  clk_ext_IBUF_BUFG | datapath/grid_2d_reg[4][2][7]_i_1_n_0   | gamefsm/reset_sync         |                3 |              8 |         2.67 |
|  clk_ext_IBUF_BUFG | datapath/grid_2d_reg[5][8][7]_i_1_n_0   | gamefsm/reset_sync         |                3 |              8 |         2.67 |
|  clk_ext_IBUF_BUFG | datapath/grid_2d_reg[5][9][7]_i_1_n_0   | gamefsm/reset_sync         |                5 |              8 |         1.60 |
|  clk_ext_IBUF_BUFG | datapath/grid_2d_reg[3][1][7]_i_1_n_0   | gamefsm/reset_sync         |                3 |              8 |         2.67 |
|  clk_ext_IBUF_BUFG | datapath/grid_2d_reg[3][0][7]_i_1_n_0   | gamefsm/reset_sync         |                3 |              8 |         2.67 |
|  clk_ext_IBUF_BUFG | datapath/grid_2d_reg[6][0][7]_i_1_n_0   | gamefsm/reset_sync         |                4 |              8 |         2.00 |
|  clk_ext_IBUF_BUFG | datapath/grid_2d_reg[3][7][7]_i_1_n_0   | gamefsm/reset_sync         |                3 |              8 |         2.67 |
|  clk_ext_IBUF_BUFG | datapath/grid_2d_reg[6][10][7]_i_1_n_0  | gamefsm/reset_sync         |                3 |              8 |         2.67 |
|  clk_ext_IBUF_BUFG | datapath/grid_2d_reg[3][9][7]_i_1_n_0   | gamefsm/reset_sync         |                3 |              8 |         2.67 |
|  clk_ext_IBUF_BUFG | datapath/grid_2d_reg[6][1][7]_i_1_n_0   | gamefsm/reset_sync         |                5 |              8 |         1.60 |
|  clk_ext_IBUF_BUFG | datapath/grid_2d_reg[3][10][7]_i_1_n_0  | gamefsm/reset_sync         |                3 |              8 |         2.67 |
|  clk_ext_IBUF_BUFG | datapath/grid_2d_reg[6][2][7]_i_1_n_0   | gamefsm/reset_sync         |                3 |              8 |         2.67 |
|  clk_ext_IBUF_BUFG | datapath/grid_2d_reg[5][7][7]_i_1_n_0   | gamefsm/reset_sync         |                4 |              8 |         2.00 |
|  clk_ext_IBUF_BUFG | datapath/grid_2d_reg[6][3][7]_i_1_n_0   | gamefsm/reset_sync         |                3 |              8 |         2.67 |
|  clk_ext_IBUF_BUFG | datapath/grid_2d_reg[6][4][7]_i_1_n_0   | gamefsm/reset_sync         |                5 |              8 |         1.60 |
|  clk_ext_IBUF_BUFG | datapath/grid_2d_reg[6][6][7]_i_1_n_0   | gamefsm/reset_sync         |                3 |              8 |         2.67 |
|  clk_ext_IBUF_BUFG | datapath/grid_2d_reg[4][9][7]_i_1_n_0   | gamefsm/reset_sync         |                3 |              8 |         2.67 |
|  clk_ext_IBUF_BUFG | datapath/grid_2d_reg[5][1][7]_i_1_n_0   | gamefsm/reset_sync         |                4 |              8 |         2.00 |
|  clk_ext_IBUF_BUFG | datapath/grid_2d_reg[6][7][7]_i_1_n_0   | gamefsm/reset_sync         |                3 |              8 |         2.67 |
|  clk_ext_IBUF_BUFG | datapath/grid_2d_reg[6][8][7]_i_1_n_0   | gamefsm/reset_sync         |                2 |              8 |         4.00 |
|  clk_ext_IBUF_BUFG | datapath/grid_2d_reg[6][9][7]_i_1_n_0   | gamefsm/reset_sync         |                3 |              8 |         2.67 |
|  clk_ext_IBUF_BUFG | datapath/grid_2d_reg[4][10][7]_i_1_n_0  | gamefsm/reset_sync         |                3 |              8 |         2.67 |
|  clk_ext_IBUF_BUFG | datapath/grid_2d_reg[4][8][7]_i_1_n_0   | gamefsm/reset_sync         |                4 |              8 |         2.00 |
|  clk_ext_IBUF_BUFG | datapath/grid_2d_reg[7][0][7]_i_1_n_0   | gamefsm/reset_sync         |                3 |              8 |         2.67 |
|  clk_ext_IBUF_BUFG | datapath/grid_2d_reg[6][5][7]_i_1_n_0   | gamefsm/reset_sync         |                3 |              8 |         2.67 |
|  clk_ext_IBUF_BUFG | datapath/grid_2d_reg[2][7][7]_i_1_n_0   | gamefsm/reset_sync         |                4 |              8 |         2.00 |
|  clk_ext_IBUF_BUFG | datapath/grid_2d_reg[5][3][7]_i_1_n_0   | gamefsm/reset_sync         |                3 |              8 |         2.67 |
|  clk_ext_IBUF_BUFG | datapath/grid_2d_reg[2][6][7]_i_1_n_0   | gamefsm/reset_sync         |                3 |              8 |         2.67 |
|  clk_ext_IBUF_BUFG | datapath/grid_2d_reg[1][8][7]_i_1_n_0   | gamefsm/reset_sync         |                3 |              8 |         2.67 |
|  clk_ext_IBUF_BUFG | datapath/grid_2d_reg[4][3][7]_i_1_n_0   | gamefsm/reset_sync         |                4 |              8 |         2.00 |
|  clk_ext_IBUF_BUFG | datapath/grid_2d_reg[1][7][7]_i_1_n_0   | gamefsm/reset_sync         |                4 |              8 |         2.00 |
|  clk_ext_IBUF_BUFG | datapath/grid_2d_reg[2][3][7]_i_1_n_0   | gamefsm/reset_sync         |                4 |              8 |         2.00 |
|  clk_ext_IBUF_BUFG | datapath/grid_2d_reg[2][0][7]_i_1_n_0   | gamefsm/reset_sync         |                4 |              8 |         2.00 |
|  clk_ext_IBUF_BUFG | datapath/grid_2d_reg[3][4][7]_i_1_n_0   | gamefsm/reset_sync         |                5 |              8 |         1.60 |
|  clk_ext_IBUF_BUFG | datapath/grid_2d_reg[1][9][7]_i_1_n_0   | gamefsm/reset_sync         |                4 |              8 |         2.00 |
|  clk_ext_IBUF_BUFG | datapath/grid_2d_reg[2][2][7]_i_1_n_0   | gamefsm/reset_sync         |                3 |              8 |         2.67 |
|  clk_ext_IBUF_BUFG | datapath/grid_2d_reg[2][4][7]_i_1_n_0   | gamefsm/reset_sync         |                3 |              8 |         2.67 |
|  clk_ext_IBUF_BUFG | datapath/grid_2d_reg[2][5][7]_i_1_n_0   | gamefsm/reset_sync         |                3 |              8 |         2.67 |
|  clk_ext_IBUF_BUFG | datapath/grid_2d_reg[2][8][7]_i_1_n_0   | gamefsm/reset_sync         |                4 |              8 |         2.00 |
|  clk_ext_IBUF_BUFG | datapath/grid_2d_reg[2][9][7]_i_1_n_0   | gamefsm/reset_sync         |                3 |              8 |         2.67 |
|  clk_ext_IBUF_BUFG | datapath/grid_2d_reg[3][2][7]_i_1_n_0   | gamefsm/reset_sync         |                3 |              8 |         2.67 |
|  clk_ext_IBUF_BUFG | datapath/grid_2d_reg[3][5][7]_i_1_n_0   | gamefsm/reset_sync         |                4 |              8 |         2.00 |
|  clk_ext_IBUF_BUFG | datapath/grid_2d_reg[4][6][7]_i_1_n_0   | gamefsm/reset_sync         |                4 |              8 |         2.00 |
|  clk_ext_IBUF_BUFG | datapath/grid_2d_reg[4][7][7]_i_1_n_0   | gamefsm/reset_sync         |                5 |              8 |         1.60 |
|  clk_ext_IBUF_BUFG | datapath/grid_2d_reg[5][10][7]_i_1_n_0  | gamefsm/reset_sync         |                3 |              8 |         2.67 |
|  clk_ext_IBUF_BUFG | datapath/grid_2d_reg[5][2][7]_i_1_n_0   | gamefsm/reset_sync         |                3 |              8 |         2.67 |
|  clk_ext_IBUF_BUFG | datapath/grid_2d_reg[2][10][7]_i_1_n_0  | gamefsm/reset_sync         |                4 |              8 |         2.00 |
|  clk_ext_IBUF_BUFG | datapath/grid_2d_reg[4][5][7]_i_1_n_0   | gamefsm/reset_sync         |                4 |              8 |         2.00 |
|  clk_ext_IBUF_BUFG | datapath/grid_2d_reg[3][6][7]_i_1_n_0   | gamefsm/reset_sync         |                5 |              8 |         1.60 |
|  clk_ext_IBUF_BUFG | datapath/grid_2d_reg[3][3][7]_i_1_n_0   | gamefsm/reset_sync         |                5 |              8 |         1.60 |
|  clk_ext_IBUF_BUFG | datapath/grid_2d_reg[4][1][7]_i_1_n_0   | gamefsm/reset_sync         |                3 |              8 |         2.67 |
|  clk_ext_IBUF_BUFG | datapath/grid_2d_reg[5][0][7]_i_1_n_0   | gamefsm/reset_sync         |                3 |              8 |         2.67 |
|  clk_ext_IBUF_BUFG | datapath/grid_2d_reg[4][0][7]_i_1_n_0   | gamefsm/reset_sync         |                3 |              8 |         2.67 |
|  clk_ext_IBUF_BUFG | datapath/grid_2d_reg[5][4][7]_i_1_n_0   | gamefsm/reset_sync         |                3 |              8 |         2.67 |
|  clk_ext_IBUF_BUFG | datapath/grid_2d_reg[4][4][7]_i_1_n_0   | gamefsm/reset_sync         |                4 |              8 |         2.00 |
|  clk_ext_IBUF_BUFG | datapath/grid_2d_reg[3][8][7]_i_1_n_0   | gamefsm/reset_sync         |                4 |              8 |         2.00 |
|  clk_ext_IBUF_BUFG | datapath/grid_2d_reg[5][5][7]_i_1_n_0   | gamefsm/reset_sync         |                3 |              8 |         2.67 |
|  clk_ext_IBUF_BUFG | datapath/grid_2d_reg[7][4][7]_i_1_n_0   | gamefsm/reset_sync         |                3 |              8 |         2.67 |
|  clk_ext_IBUF_BUFG | datapath/grid_2d_reg[7][7][7]_i_1_n_0   | gamefsm/reset_sync         |                4 |              8 |         2.00 |
|  clk_ext_IBUF_BUFG | datapath/grid_2d_reg[7][1][7]_i_1_n_0   | gamefsm/reset_sync         |                3 |              8 |         2.67 |
|  clk_ext_IBUF_BUFG | datapath/grid_2d_reg[7][3][7]_i_1_n_0   | gamefsm/reset_sync         |                4 |              8 |         2.00 |
|  clk_ext_IBUF_BUFG | datapath/grid_2d_reg[7][8][7]_i_1_n_0   | gamefsm/reset_sync         |                3 |              8 |         2.67 |
|  clk_ext_IBUF_BUFG | datapath/grid_2d_reg[7][9][7]_i_1_n_0   | gamefsm/reset_sync         |                5 |              8 |         1.60 |
|  clk_ext_IBUF_BUFG | datapath/grid_2d_reg[7][10][7]_i_1_n_0  | gamefsm/reset_sync         |                3 |              8 |         2.67 |
|  clk_ext_IBUF_BUFG | datapath/grid_2d_reg[7][2][7]_i_1_n_0   | gamefsm/reset_sync         |                4 |              8 |         2.00 |
|  clk_ext_IBUF_BUFG | datapath/grid_2d_reg[7][6][7]_i_1_n_0   | gamefsm/reset_sync         |                3 |              8 |         2.67 |
|  clk_ext_IBUF_BUFG | datapath/grid_2d_reg[7][5][7]_i_1_n_0   | gamefsm/reset_sync         |                4 |              8 |         2.00 |
|  clk_ext_IBUF_BUFG | datapath/grid_2d_reg[9][6][7]_i_1_n_0   | gamefsm/reset_sync         |                5 |              8 |         1.60 |
|  clk_ext_IBUF_BUFG | datapath/grid_2d_reg[9][7][7]_i_1_n_0   | gamefsm/reset_sync         |                2 |              8 |         4.00 |
|  clk_ext_IBUF_BUFG | datapath/grid_2d_reg[9][5][7]_i_1_n_0   | gamefsm/reset_sync         |                3 |              8 |         2.67 |
|  clk_ext_IBUF_BUFG | datapath/grid_2d_reg[9][3][7]_i_1_n_0   | gamefsm/reset_sync         |                3 |              8 |         2.67 |
|  clk_ext_IBUF_BUFG | datapath/grow                           | gamefsm/reset_sync         |                3 |              8 |         2.67 |
|  clk_ext_IBUF_BUFG | datapath/grid_2d_reg[9][4][7]_i_1_n_0   | gamefsm/reset_sync         |                3 |              8 |         2.67 |
|  clk_ext_IBUF_BUFG | datapath/grid_2d_reg[9][9][7]_i_1_n_0   | gamefsm/reset_sync         |                3 |              8 |         2.67 |
|  clk_ext_IBUF_BUFG | datapath/grid_2d_reg[9][0][7]_i_1_n_0   | gamefsm/reset_sync         |                3 |              8 |         2.67 |
|  clk_ext_IBUF_BUFG | datapath/grid_2d_reg[9][10][7]_i_1_n_0  | gamefsm/reset_sync         |                3 |              8 |         2.67 |
|  clk_ext_IBUF_BUFG | datapath/grid_2d_reg[9][1][7]_i_1_n_0   | gamefsm/reset_sync         |                4 |              8 |         2.00 |
|  clk_ext_IBUF_BUFG | datapath/grid_2d_reg[9][2][7]_i_1_n_0   | gamefsm/reset_sync         |                5 |              8 |         1.60 |
|  clk_ext_IBUF_BUFG | datapath/grid_2d_reg[9][8][7]_i_1_n_0   | gamefsm/reset_sync         |                4 |              8 |         2.00 |
|  clk_ext_IBUF_BUFG | datapath/grid_2d[0][0][7]_i_1_n_0       | gamefsm/reset_sync         |                5 |              8 |         1.60 |
|  clk_ext_IBUF_BUFG | datapath/grid_2d[0][1][7]_i_1_n_0       | gamefsm/reset_sync         |                4 |              8 |         2.00 |
|  clk_ext_IBUF_BUFG | datapath/grid_2d[0][3][7]_i_1_n_0       | gamefsm/reset_sync         |                3 |              8 |         2.67 |
|  clk_ext_IBUF_BUFG | datapath/grid_2d[0][10][7]_i_1_n_0      | gamefsm/reset_sync         |                3 |              8 |         2.67 |
|  clk_ext_IBUF_BUFG | datapath/grid_2d[0][6][7]_i_1_n_0       | gamefsm/reset_sync         |                3 |              8 |         2.67 |
|  clk_ext_IBUF_BUFG | datapath/grid_2d[0][2][7]_i_1_n_0       | gamefsm/reset_sync         |                5 |              8 |         1.60 |
|  clk_ext_IBUF_BUFG | datapath/grid_2d[0][7][7]_i_1_n_0       | gamefsm/reset_sync         |                3 |              8 |         2.67 |
|  clk_ext_IBUF_BUFG | datapath/grid_2d[0][8][7]_i_1_n_0       | gamefsm/reset_sync         |                3 |              8 |         2.67 |
|  clk_ext_IBUF_BUFG | datapath/grid_2d[0][4][7]_i_1_n_0       | gamefsm/reset_sync         |                3 |              8 |         2.67 |
|  clk_ext_IBUF_BUFG | datapath/grid_2d[0][5][7]_i_1_n_0       | gamefsm/reset_sync         |                3 |              8 |         2.67 |
|  clk_ext_IBUF_BUFG |                                         | gamefsm/reset_sync         |                5 |             11 |         2.20 |
|  clk_ext_IBUF_BUFG | pixel_clk                               |                            |                6 |             14 |         2.33 |
|  clk_ext_IBUF_BUFG | helperfsm/current_state_reg[1]          | gamefsm/reset_sync         |               12 |             15 |         1.25 |
|  clk_ext_IBUF_BUFG |                                         | update_counter[25]_i_1_n_0 |                8 |             26 |         3.25 |
|  clk_ext_IBUF_BUFG | datapath/fruit_pos[5]_i_2_n_0           | gamefsm/reset_sync         |               17 |             30 |         1.76 |
|  clk_ext_IBUF_BUFG |                                         |                            |               16 |             39 |         2.44 |
+--------------------+-----------------------------------------+----------------------------+------------------+----------------+--------------+


